0 info it worked if it ends with ok
1 verbose cli [ 'C:\\Program Files\\nodejs\\node.exe',
1 verbose cli   'C:\\Users\\jLeeroy\\AppData\\Roaming\\npm\\node_modules\\npm\\bin\\npm-cli.js',
1 verbose cli   'install',
1 verbose cli   '-g',
1 verbose cli   'libxmljs' ]
2 info using npm@3.9.6
3 info using node@v4.4.5
4 silly loadCurrentTree Starting
5 silly install loadCurrentTree
6 silly install readGlobalPackageData
7 silly fetchPackageMetaData libxmljs
8 silly fetchNamedPackageData libxmljs
9 silly mapToRegistry name libxmljs
10 silly mapToRegistry using default registry
11 silly mapToRegistry registry https://registry.npmjs.org/
12 silly mapToRegistry data Result {
12 silly mapToRegistry   raw: 'libxmljs',
12 silly mapToRegistry   scope: null,
12 silly mapToRegistry   name: 'libxmljs',
12 silly mapToRegistry   rawSpec: '',
12 silly mapToRegistry   spec: 'latest',
12 silly mapToRegistry   type: 'tag' }
13 silly mapToRegistry uri https://registry.npmjs.org/libxmljs
14 verbose request uri https://registry.npmjs.org/libxmljs
15 verbose request no auth needed
16 info attempt registry request try #1 at 10:18:32 AM
17 verbose request id 8717342d08bdcb1f
18 verbose etag "23F2XOUIWD2U16REF34JBVXKM"
19 http request GET https://registry.npmjs.org/libxmljs
20 http 304 https://registry.npmjs.org/libxmljs
21 verbose headers { date: 'Wed, 22 Jun 2016 02:18:40 GMT',
21 verbose headers   via: '1.1 varnish',
21 verbose headers   'cache-control': 'max-age=300',
21 verbose headers   etag: '"23F2XOUIWD2U16REF34JBVXKM"',
21 verbose headers   age: '288',
21 verbose headers   connection: 'keep-alive',
21 verbose headers   'x-served-by': 'cache-hkg6823-HKG',
21 verbose headers   'x-cache': 'HIT',
21 verbose headers   'x-cache-hits': '1',
21 verbose headers   'x-timer': 'S1466561920.374630,VS0,VE0',
21 verbose headers   vary: 'Accept-Encoding' }
22 silly get cb [ 304,
22 silly get   { date: 'Wed, 22 Jun 2016 02:18:40 GMT',
22 silly get     via: '1.1 varnish',
22 silly get     'cache-control': 'max-age=300',
22 silly get     etag: '"23F2XOUIWD2U16REF34JBVXKM"',
22 silly get     age: '288',
22 silly get     connection: 'keep-alive',
22 silly get     'x-served-by': 'cache-hkg6823-HKG',
22 silly get     'x-cache': 'HIT',
22 silly get     'x-cache-hits': '1',
22 silly get     'x-timer': 'S1466561920.374630,VS0,VE0',
22 silly get     vary: 'Accept-Encoding' } ]
23 verbose etag https://registry.npmjs.org/libxmljs from cache
24 verbose get saving libxmljs to C:\Users\jLeeroy\AppData\Roaming\npm-cache\registry.npmjs.org\libxmljs\.cache.json
25 verbose correctMkdir C:\Users\jLeeroy\AppData\Roaming\npm-cache correctMkdir not in flight; initializing
26 silly install normalizeTree
27 silly loadCurrentTree Finishing
28 silly loadIdealTree Starting
29 silly install loadIdealTree
30 silly cloneCurrentTree Starting
31 silly install cloneCurrentTreeToIdealTree
32 silly cloneCurrentTree Finishing
33 silly loadShrinkwrap Starting
34 silly install loadShrinkwrap
35 silly loadShrinkwrap Finishing
36 silly loadAllDepsIntoIdealTree Starting
37 silly install loadAllDepsIntoIdealTree
38 silly resolveWithNewModule libxmljs@0.18.0 checking installable status
39 silly cache add args [ 'libxmljs', null ]
40 verbose cache add spec libxmljs
41 silly cache add parsed spec Result {
41 silly cache add   raw: 'libxmljs',
41 silly cache add   scope: null,
41 silly cache add   name: 'libxmljs',
41 silly cache add   rawSpec: '',
41 silly cache add   spec: 'latest',
41 silly cache add   type: 'tag' }
42 silly addNamed libxmljs@latest
43 verbose addNamed "latest" is being treated as a dist-tag for libxmljs
44 info addNameTag [ 'libxmljs', 'latest' ]
45 silly mapToRegistry name libxmljs
46 silly mapToRegistry using default registry
47 silly mapToRegistry registry https://registry.npmjs.org/
48 silly mapToRegistry data Result {
48 silly mapToRegistry   raw: 'libxmljs',
48 silly mapToRegistry   scope: null,
48 silly mapToRegistry   name: 'libxmljs',
48 silly mapToRegistry   rawSpec: '',
48 silly mapToRegistry   spec: 'latest',
48 silly mapToRegistry   type: 'tag' }
49 silly mapToRegistry uri https://registry.npmjs.org/libxmljs
50 verbose addNameTag registry:https://registry.npmjs.org/libxmljs not in flight; fetching
51 verbose get https://registry.npmjs.org/libxmljs not expired, no request
52 silly addNameTag next cb for libxmljs with tag latest
53 silly addNamed libxmljs@0.18.0
54 verbose addNamed "0.18.0" is a plain semver version for libxmljs
55 silly cache afterAdd libxmljs@0.18.0
56 verbose afterAdd C:\Users\jLeeroy\AppData\Roaming\npm-cache\libxmljs\0.18.0\package\package.json not in flight; writing
57 verbose correctMkdir C:\Users\jLeeroy\AppData\Roaming\npm-cache correctMkdir not in flight; initializing
58 verbose afterAdd C:\Users\jLeeroy\AppData\Roaming\npm-cache\libxmljs\0.18.0\package\package.json written
59 silly fetchNamedPackageData bindings
60 silly mapToRegistry name bindings
61 silly mapToRegistry using default registry
62 silly mapToRegistry registry https://registry.npmjs.org/
63 silly mapToRegistry data Result {
63 silly mapToRegistry   raw: 'bindings',
63 silly mapToRegistry   scope: null,
63 silly mapToRegistry   name: 'bindings',
63 silly mapToRegistry   rawSpec: '',
63 silly mapToRegistry   spec: 'latest',
63 silly mapToRegistry   type: 'tag' }
64 silly mapToRegistry uri https://registry.npmjs.org/bindings
65 silly fetchNamedPackageData nan
66 silly mapToRegistry name nan
67 silly mapToRegistry using default registry
68 silly mapToRegistry registry https://registry.npmjs.org/
69 silly mapToRegistry data Result {
69 silly mapToRegistry   raw: 'nan',
69 silly mapToRegistry   scope: null,
69 silly mapToRegistry   name: 'nan',
69 silly mapToRegistry   rawSpec: '',
69 silly mapToRegistry   spec: 'latest',
69 silly mapToRegistry   type: 'tag' }
70 silly mapToRegistry uri https://registry.npmjs.org/nan
71 verbose request uri https://registry.npmjs.org/bindings
72 verbose request no auth needed
73 info attempt registry request try #1 at 10:18:33 AM
74 verbose etag "33TX4J3DNTGF7K41ZUV6OA182"
75 http request GET https://registry.npmjs.org/bindings
76 verbose request uri https://registry.npmjs.org/nan
77 verbose request no auth needed
78 info attempt registry request try #1 at 10:18:33 AM
79 verbose etag "12RFHNMU7CS3WJ1892HQLM0NB"
80 http request GET https://registry.npmjs.org/nan
81 http 304 https://registry.npmjs.org/bindings
82 verbose headers { date: 'Wed, 22 Jun 2016 02:18:40 GMT',
82 verbose headers   via: '1.1 varnish',
82 verbose headers   'cache-control': 'max-age=300',
82 verbose headers   etag: '"33TX4J3DNTGF7K41ZUV6OA182"',
82 verbose headers   age: '268',
82 verbose headers   connection: 'keep-alive',
82 verbose headers   'x-served-by': 'cache-hkg6823-HKG',
82 verbose headers   'x-cache': 'HIT',
82 verbose headers   'x-cache-hits': '2',
82 verbose headers   'x-timer': 'S1466561920.828753,VS0,VE0',
82 verbose headers   vary: 'Accept-Encoding' }
83 silly get cb [ 304,
83 silly get   { date: 'Wed, 22 Jun 2016 02:18:40 GMT',
83 silly get     via: '1.1 varnish',
83 silly get     'cache-control': 'max-age=300',
83 silly get     etag: '"33TX4J3DNTGF7K41ZUV6OA182"',
83 silly get     age: '268',
83 silly get     connection: 'keep-alive',
83 silly get     'x-served-by': 'cache-hkg6823-HKG',
83 silly get     'x-cache': 'HIT',
83 silly get     'x-cache-hits': '2',
83 silly get     'x-timer': 'S1466561920.828753,VS0,VE0',
83 silly get     vary: 'Accept-Encoding' } ]
84 verbose etag https://registry.npmjs.org/bindings from cache
85 verbose get saving bindings to C:\Users\jLeeroy\AppData\Roaming\npm-cache\registry.npmjs.org\bindings\.cache.json
86 verbose correctMkdir C:\Users\jLeeroy\AppData\Roaming\npm-cache correctMkdir not in flight; initializing
87 silly resolveWithNewModule bindings@1.2.1 checking installable status
88 silly cache add args [ 'bindings@1.2.1', null ]
89 verbose cache add spec bindings@1.2.1
90 silly cache add parsed spec Result {
90 silly cache add   raw: 'bindings@1.2.1',
90 silly cache add   scope: null,
90 silly cache add   name: 'bindings',
90 silly cache add   rawSpec: '1.2.1',
90 silly cache add   spec: '1.2.1',
90 silly cache add   type: 'version' }
91 silly addNamed bindings@1.2.1
92 verbose addNamed "1.2.1" is a plain semver version for bindings
93 silly mapToRegistry name bindings
94 silly mapToRegistry using default registry
95 silly mapToRegistry registry https://registry.npmjs.org/
96 silly mapToRegistry data Result {
96 silly mapToRegistry   raw: 'bindings',
96 silly mapToRegistry   scope: null,
96 silly mapToRegistry   name: 'bindings',
96 silly mapToRegistry   rawSpec: '',
96 silly mapToRegistry   spec: 'latest',
96 silly mapToRegistry   type: 'tag' }
97 silly mapToRegistry uri https://registry.npmjs.org/bindings
98 verbose addNameVersion registry:https://registry.npmjs.org/bindings not in flight; fetching
99 verbose get https://registry.npmjs.org/bindings not expired, no request
100 silly cache afterAdd bindings@1.2.1
101 verbose afterAdd C:\Users\jLeeroy\AppData\Roaming\npm-cache\bindings\1.2.1\package\package.json not in flight; writing
102 verbose correctMkdir C:\Users\jLeeroy\AppData\Roaming\npm-cache correctMkdir not in flight; initializing
103 verbose afterAdd C:\Users\jLeeroy\AppData\Roaming\npm-cache\bindings\1.2.1\package\package.json written
104 http 304 https://registry.npmjs.org/nan
105 verbose headers { date: 'Wed, 22 Jun 2016 02:18:41 GMT',
105 verbose headers   via: '1.1 varnish',
105 verbose headers   'cache-control': 'max-age=300',
105 verbose headers   etag: '"12RFHNMU7CS3WJ1892HQLM0NB"',
105 verbose headers   age: '97',
105 verbose headers   connection: 'keep-alive',
105 verbose headers   'x-served-by': 'cache-hkg6825-HKG',
105 verbose headers   'x-cache': 'HIT',
105 verbose headers   'x-cache-hits': '1',
105 verbose headers   'x-timer': 'S1466561921.002649,VS0,VE0',
105 verbose headers   vary: 'Accept-Encoding' }
106 silly get cb [ 304,
106 silly get   { date: 'Wed, 22 Jun 2016 02:18:41 GMT',
106 silly get     via: '1.1 varnish',
106 silly get     'cache-control': 'max-age=300',
106 silly get     etag: '"12RFHNMU7CS3WJ1892HQLM0NB"',
106 silly get     age: '97',
106 silly get     connection: 'keep-alive',
106 silly get     'x-served-by': 'cache-hkg6825-HKG',
106 silly get     'x-cache': 'HIT',
106 silly get     'x-cache-hits': '1',
106 silly get     'x-timer': 'S1466561921.002649,VS0,VE0',
106 silly get     vary: 'Accept-Encoding' } ]
107 verbose etag https://registry.npmjs.org/nan from cache
108 verbose get saving nan to C:\Users\jLeeroy\AppData\Roaming\npm-cache\registry.npmjs.org\nan\.cache.json
109 verbose correctMkdir C:\Users\jLeeroy\AppData\Roaming\npm-cache correctMkdir not in flight; initializing
110 silly resolveWithNewModule nan@2.3.2 checking installable status
111 silly cache add args [ 'nan@2.3.2', null ]
112 verbose cache add spec nan@2.3.2
113 silly cache add parsed spec Result {
113 silly cache add   raw: 'nan@2.3.2',
113 silly cache add   scope: null,
113 silly cache add   name: 'nan',
113 silly cache add   rawSpec: '2.3.2',
113 silly cache add   spec: '2.3.2',
113 silly cache add   type: 'version' }
114 silly addNamed nan@2.3.2
115 verbose addNamed "2.3.2" is a plain semver version for nan
116 silly mapToRegistry name nan
117 silly mapToRegistry using default registry
118 silly mapToRegistry registry https://registry.npmjs.org/
119 silly mapToRegistry data Result {
119 silly mapToRegistry   raw: 'nan',
119 silly mapToRegistry   scope: null,
119 silly mapToRegistry   name: 'nan',
119 silly mapToRegistry   rawSpec: '',
119 silly mapToRegistry   spec: 'latest',
119 silly mapToRegistry   type: 'tag' }
120 silly mapToRegistry uri https://registry.npmjs.org/nan
121 verbose addNameVersion registry:https://registry.npmjs.org/nan not in flight; fetching
122 verbose get https://registry.npmjs.org/nan not expired, no request
123 silly cache afterAdd nan@2.3.2
124 verbose afterAdd C:\Users\jLeeroy\AppData\Roaming\npm-cache\nan\2.3.2\package\package.json not in flight; writing
125 verbose correctMkdir C:\Users\jLeeroy\AppData\Roaming\npm-cache correctMkdir not in flight; initializing
126 verbose afterAdd C:\Users\jLeeroy\AppData\Roaming\npm-cache\nan\2.3.2\package\package.json written
127 silly loadAllDepsIntoIdealTree Finishing
128 silly idealTree:prePrune npm
128 silly idealTree:prePrune `-- libxmljs@0.18.0
128 silly idealTree:prePrune   +-- bindings@1.2.1
128 silly idealTree:prePrune   `-- nan@2.3.2
129 silly loadIdealTree Finishing
130 silly currentTree npm
131 silly idealTree npm
131 silly idealTree `-- libxmljs@0.18.0
131 silly idealTree   +-- bindings@1.2.1
131 silly idealTree   `-- nan@2.3.2
132 silly generateActionsToTake Starting
133 silly install generateActionsToTake
134 silly generateActionsToTake Finishing
135 silly diffTrees action count 3
136 silly diffTrees add bindings@1.2.1
137 silly diffTrees add nan@2.3.2
138 silly diffTrees add libxmljs@0.18.0
139 silly decomposeActions action count 24
140 silly decomposeActions fetch bindings@1.2.1
141 silly decomposeActions extract bindings@1.2.1
142 silly decomposeActions test bindings@1.2.1
143 silly decomposeActions preinstall bindings@1.2.1
144 silly decomposeActions build bindings@1.2.1
145 silly decomposeActions install bindings@1.2.1
146 silly decomposeActions postinstall bindings@1.2.1
147 silly decomposeActions finalize bindings@1.2.1
148 silly decomposeActions fetch nan@2.3.2
149 silly decomposeActions extract nan@2.3.2
150 silly decomposeActions test nan@2.3.2
151 silly decomposeActions preinstall nan@2.3.2
152 silly decomposeActions build nan@2.3.2
153 silly decomposeActions install nan@2.3.2
154 silly decomposeActions postinstall nan@2.3.2
155 silly decomposeActions finalize nan@2.3.2
156 silly decomposeActions fetch libxmljs@0.18.0
157 silly decomposeActions extract libxmljs@0.18.0
158 silly decomposeActions test libxmljs@0.18.0
159 silly decomposeActions preinstall libxmljs@0.18.0
160 silly decomposeActions build libxmljs@0.18.0
161 silly decomposeActions install libxmljs@0.18.0
162 silly decomposeActions postinstall libxmljs@0.18.0
163 silly decomposeActions finalize libxmljs@0.18.0
164 silly executeActions Starting
165 silly install executeActions
166 silly doSerial global-install 0
167 silly doParallel fetch 3
168 verbose correctMkdir C:\Users\jLeeroy\AppData\Roaming\npm-cache\_locks correctMkdir not in flight; initializing
169 verbose lock using C:\Users\jLeeroy\AppData\Roaming\npm-cache\_locks\staging-83fe24f4552dfe16.lock for C:\Users\jLeeroy\AppData\Roaming\npm\node_modules\.staging
170 silly doParallel extract 3
171 silly extract bindings@1.2.1
172 silly extract nan@2.3.2
173 silly extract libxmljs@0.18.0
174 verbose unbuild node_modules\.staging\bindings-1ed82144
175 verbose unbuild node_modules\.staging\libxmljs-4da77562
176 verbose unbuild node_modules\.staging\nan-79320ba5
177 silly gentlyRm C:\Users\jLeeroy\AppData\Roaming\npm\node_modules\.staging\bindings-1ed82144 is being purged from base C:\Users\jLeeroy\AppData\Roaming\npm
178 verbose gentlyRm don't care about contents; nuking C:\Users\jLeeroy\AppData\Roaming\npm\node_modules\.staging\bindings-1ed82144
179 silly gentlyRm C:\Users\jLeeroy\AppData\Roaming\npm\node_modules\.staging\libxmljs-4da77562 is being purged from base C:\Users\jLeeroy\AppData\Roaming\npm
180 verbose gentlyRm don't care about contents; nuking C:\Users\jLeeroy\AppData\Roaming\npm\node_modules\.staging\libxmljs-4da77562
181 silly gentlyRm C:\Users\jLeeroy\AppData\Roaming\npm\node_modules\.staging\nan-79320ba5 is being purged from base C:\Users\jLeeroy\AppData\Roaming\npm
182 verbose gentlyRm don't care about contents; nuking C:\Users\jLeeroy\AppData\Roaming\npm\node_modules\.staging\nan-79320ba5
183 verbose tar unpack C:\Users\jLeeroy\AppData\Roaming\npm-cache\bindings\1.2.1\package.tgz
184 verbose tar unpacking to C:\Users\jLeeroy\AppData\Roaming\npm\node_modules\.staging\bindings-1ed82144
185 silly gentlyRm C:\Users\jLeeroy\AppData\Roaming\npm\node_modules\.staging\bindings-1ed82144 is being purged
186 verbose gentlyRm don't care about contents; nuking C:\Users\jLeeroy\AppData\Roaming\npm\node_modules\.staging\bindings-1ed82144
187 verbose tar unpack C:\Users\jLeeroy\AppData\Roaming\npm-cache\libxmljs\0.18.0\package.tgz
188 verbose tar unpacking to C:\Users\jLeeroy\AppData\Roaming\npm\node_modules\.staging\libxmljs-4da77562
189 silly gentlyRm C:\Users\jLeeroy\AppData\Roaming\npm\node_modules\.staging\libxmljs-4da77562 is being purged
190 verbose gentlyRm don't care about contents; nuking C:\Users\jLeeroy\AppData\Roaming\npm\node_modules\.staging\libxmljs-4da77562
191 verbose tar unpack C:\Users\jLeeroy\AppData\Roaming\npm-cache\nan\2.3.2\package.tgz
192 verbose tar unpacking to C:\Users\jLeeroy\AppData\Roaming\npm\node_modules\.staging\nan-79320ba5
193 silly gentlyRm C:\Users\jLeeroy\AppData\Roaming\npm\node_modules\.staging\nan-79320ba5 is being purged
194 verbose gentlyRm don't care about contents; nuking C:\Users\jLeeroy\AppData\Roaming\npm\node_modules\.staging\nan-79320ba5
195 silly gunzTarPerm modes [ '777', '666' ]
196 silly gunzTarPerm modes [ '777', '666' ]
197 silly gunzTarPerm modes [ '777', '666' ]
198 silly gunzTarPerm extractEntry package.json
199 silly gunzTarPerm modified mode [ 'package.json', 420, 438 ]
200 silly gunzTarPerm extractEntry package.json
201 silly gunzTarPerm modified mode [ 'package.json', 436, 438 ]
202 silly gunzTarPerm extractEntry package.json
203 silly gunzTarPerm modified mode [ 'package.json', 420, 438 ]
204 silly gunzTarPerm extractEntry README.md
205 silly gunzTarPerm modified mode [ 'README.md', 420, 438 ]
206 silly gunzTarPerm extractEntry bindings.js
207 silly gunzTarPerm modified mode [ 'bindings.js', 420, 438 ]
208 silly gunzTarPerm extractEntry README.md
209 silly gunzTarPerm modified mode [ 'README.md', 436, 438 ]
210 silly gunzTarPerm extractEntry include_dirs.js
211 silly gunzTarPerm modified mode [ 'include_dirs.js', 436, 438 ]
212 silly gunzTarPerm extractEntry .npmignore
213 silly gunzTarPerm modified mode [ '.npmignore', 420, 438 ]
214 silly gunzTarPerm extractEntry README.md
215 silly gunzTarPerm modified mode [ 'README.md', 420, 438 ]
216 silly gunzTarPerm extractEntry LICENSE
217 silly gunzTarPerm modified mode [ 'LICENSE', 420, 438 ]
218 silly gunzTarPerm extractEntry index.js
219 silly gunzTarPerm modified mode [ 'index.js', 420, 438 ]
220 silly gunzTarPerm extractEntry nan_converters.h
221 silly gunzTarPerm modified mode [ 'nan_converters.h', 436, 438 ]
222 silly gunzTarPerm extractEntry LICENSE.md
223 silly gunzTarPerm modified mode [ 'LICENSE.md', 436, 438 ]
224 silly gunzTarPerm extractEntry doc/node_misc.md
225 silly gunzTarPerm modified mode [ 'doc/node_misc.md', 436, 438 ]
226 silly gunzTarPerm extractEntry doc/asyncworker.md
227 silly gunzTarPerm modified mode [ 'doc/asyncworker.md', 436, 438 ]
228 silly gunzTarPerm extractEntry examples/cdata.js
229 silly gunzTarPerm modified mode [ 'examples/cdata.js', 420, 438 ]
230 silly gunzTarPerm extractEntry binding.gyp
231 silly gunzTarPerm modified mode [ 'binding.gyp', 420, 438 ]
232 silly gunzTarPerm extractEntry Makefile
233 silly gunzTarPerm modified mode [ 'Makefile', 420, 438 ]
234 silly gunzTarPerm extractEntry lib/bindings.js
235 silly gunzTarPerm modified mode [ 'lib/bindings.js', 420, 438 ]
236 silly gunzTarPerm extractEntry doc/callback.md
237 silly gunzTarPerm modified mode [ 'doc/callback.md', 436, 438 ]
238 silly gunzTarPerm extractEntry doc/converters.md
239 silly gunzTarPerm modified mode [ 'doc/converters.md', 436, 438 ]
240 silly gunzTarPerm extractEntry doc/errors.md
241 silly gunzTarPerm modified mode [ 'doc/errors.md', 436, 438 ]
242 silly gunzTarPerm extractEntry doc/maybe_types.md
243 silly gunzTarPerm modified mode [ 'doc/maybe_types.md', 436, 438 ]
244 silly gunzTarPerm extractEntry lib/comment.js
245 silly gunzTarPerm modified mode [ 'lib/comment.js', 420, 438 ]
246 silly gunzTarPerm extractEntry lib/document.js
247 silly gunzTarPerm modified mode [ 'lib/document.js', 420, 438 ]
248 silly gunzTarPerm extractEntry lib/element.js
249 silly gunzTarPerm modified mode [ 'lib/element.js', 420, 438 ]
250 silly gunzTarPerm extractEntry doc/methods.md
251 silly gunzTarPerm modified mode [ 'doc/methods.md', 436, 438 ]
252 silly gunzTarPerm extractEntry doc/new.md
253 silly gunzTarPerm modified mode [ 'doc/new.md', 436, 438 ]
254 silly gunzTarPerm extractEntry lib/sax_parser.js
255 silly gunzTarPerm modified mode [ 'lib/sax_parser.js', 420, 438 ]
256 silly gunzTarPerm extractEntry lib/text.js
257 silly gunzTarPerm modified mode [ 'lib/text.js', 420, 438 ]
258 silly gunzTarPerm extractEntry doc/buffers.md
259 silly gunzTarPerm modified mode [ 'doc/buffers.md', 436, 438 ]
260 silly gunzTarPerm extractEntry doc/object_wrappers.md
261 silly gunzTarPerm modified mode [ 'doc/object_wrappers.md', 436, 438 ]
262 silly gunzTarPerm extractEntry test/attribute.js
263 silly gunzTarPerm modified mode [ 'test/attribute.js', 420, 438 ]
264 silly gunzTarPerm extractEntry test/html_parser.js
265 silly gunzTarPerm modified mode [ 'test/html_parser.js', 420, 438 ]
266 silly gunzTarPerm extractEntry test/main.js
267 silly gunzTarPerm modified mode [ 'test/main.js', 420, 438 ]
268 silly gunzTarPerm extractEntry test/memory_management.js
269 silly gunzTarPerm modified mode [ 'test/memory_management.js', 420, 438 ]
270 silly gunzTarPerm extractEntry test/xml_sax_parser.js
271 silly gunzTarPerm modified mode [ 'test/xml_sax_parser.js', 420, 438 ]
272 silly gunzTarPerm extractEntry test/comment.js
273 silly gunzTarPerm modified mode [ 'test/comment.js', 420, 438 ]
274 silly gentlyRm C:\Users\jLeeroy\AppData\Roaming\npm\node_modules\.staging\bindings-1ed82144\node_modules is being purged
275 verbose gentlyRm don't care about contents; nuking C:\Users\jLeeroy\AppData\Roaming\npm\node_modules\.staging\bindings-1ed82144\node_modules
276 silly gunzTarPerm extractEntry test/ref_integrity.js
277 silly gunzTarPerm modified mode [ 'test/ref_integrity.js', 420, 438 ]
278 silly gunzTarPerm extractEntry test/searching.js
279 silly gunzTarPerm modified mode [ 'test/searching.js', 420, 438 ]
280 silly gunzTarPerm extractEntry test/text.js
281 silly gunzTarPerm modified mode [ 'test/text.js', 420, 438 ]
282 silly gunzTarPerm extractEntry test/text_node.js
283 silly gunzTarPerm modified mode [ 'test/text_node.js', 420, 438 ]
284 silly gunzTarPerm extractEntry doc/persistent.md
285 silly gunzTarPerm modified mode [ 'doc/persistent.md', 436, 438 ]
286 silly gunzTarPerm extractEntry doc/scopes.md
287 silly gunzTarPerm modified mode [ 'doc/scopes.md', 436, 438 ]
288 silly gunzTarPerm extractEntry test/element.js
289 silly gunzTarPerm modified mode [ 'test/element.js', 420, 438 ]
290 silly gunzTarPerm extractEntry test/traversal.js
291 silly gunzTarPerm modified mode [ 'test/traversal.js', 420, 438 ]
292 silly gunzTarPerm extractEntry doc/script.md
293 silly gunzTarPerm modified mode [ 'doc/script.md', 436, 438 ]
294 silly gunzTarPerm extractEntry doc/string_bytes.md
295 silly gunzTarPerm modified mode [ 'doc/string_bytes.md', 436, 438 ]
296 silly gunzTarPerm extractEntry test/document.js
297 silly gunzTarPerm modified mode [ 'test/document.js', 420, 438 ]
298 silly gunzTarPerm extractEntry test/xml_parser.js
299 silly gunzTarPerm modified mode [ 'test/xml_parser.js', 420, 438 ]
300 silly gunzTarPerm extractEntry doc/v8_internals.md
301 silly gunzTarPerm modified mode [ 'doc/v8_internals.md', 436, 438 ]
302 silly gunzTarPerm extractEntry doc/v8_misc.md
303 silly gunzTarPerm modified mode [ 'doc/v8_misc.md', 436, 438 ]
304 silly gunzTarPerm extractEntry test/namespace.js
305 silly gunzTarPerm modified mode [ 'test/namespace.js', 420, 438 ]
306 silly gunzTarPerm extractEntry test/z_memory_leak.js
307 silly gunzTarPerm modified mode [ 'test/z_memory_leak.js', 420, 438 ]
308 silly gunzTarPerm extractEntry test/node_attributes.js
309 silly gunzTarPerm modified mode [ 'test/node_attributes.js', 420, 438 ]
310 silly gunzTarPerm extractEntry test/fixtures/baseurl.dtd
311 silly gunzTarPerm modified mode [ 'test/fixtures/baseurl.dtd', 493, 511 ]
312 silly gunzTarPerm extractEntry test/fixtures/errors/comment.xml
313 silly gunzTarPerm modified mode [ 'test/fixtures/errors/comment.xml', 420, 438 ]
314 silly gunzTarPerm extractEntry test/fixtures/parser-utf16.xml
315 silly gunzTarPerm modified mode [ 'test/fixtures/parser-utf16.xml', 420, 438 ]
316 silly gunzTarPerm extractEntry test/fixtures/parser.euc_jp.html
317 silly gunzTarPerm modified mode [ 'test/fixtures/parser.euc_jp.html', 420, 438 ]
318 silly gunzTarPerm extractEntry test/fixtures/parser.html
319 silly gunzTarPerm modified mode [ 'test/fixtures/parser.html', 420, 438 ]
320 silly gunzTarPerm extractEntry test/fixtures/parser.xml
321 silly gunzTarPerm modified mode [ 'test/fixtures/parser.xml', 420, 438 ]
322 silly gunzTarPerm extractEntry test/fixtures/sax_parser.xml
323 silly gunzTarPerm modified mode [ 'test/fixtures/sax_parser.xml', 420, 438 ]
324 silly gunzTarPerm extractEntry nan.h
325 silly gunzTarPerm modified mode [ 'nan.h', 436, 438 ]
326 silly gunzTarPerm extractEntry nan_callbacks.h
327 silly gunzTarPerm modified mode [ 'nan_callbacks.h', 436, 438 ]
328 silly gunzTarPerm extractEntry test/fixtures/warnings/amp.html
329 silly gunzTarPerm modified mode [ 'test/fixtures/warnings/amp.html', 420, 438 ]
330 silly gunzTarPerm extractEntry test/fixtures/warnings/ent9.xml
331 silly gunzTarPerm modified mode [ 'test/fixtures/warnings/ent9.xml', 420, 438 ]
332 silly gunzTarPerm extractEntry nan_callbacks_12_inl.h
333 silly gunzTarPerm modified mode [ 'nan_callbacks_12_inl.h', 436, 438 ]
334 silly gunzTarPerm extractEntry nan_callbacks_pre_12_inl.h
335 silly gunzTarPerm modified mode [ 'nan_callbacks_pre_12_inl.h', 436, 438 ]
336 silly gunzTarPerm extractEntry nan_converters_43_inl.h
337 silly gunzTarPerm modified mode [ 'nan_converters_43_inl.h', 436, 438 ]
338 silly gunzTarPerm extractEntry .travis.yml
339 silly gunzTarPerm modified mode [ '.travis.yml', 420, 438 ]
340 silly gunzTarPerm extractEntry src/xml_namespace.cc
341 silly gunzTarPerm modified mode [ 'src/xml_namespace.cc', 420, 438 ]
342 silly gunzTarPerm extractEntry nan_converters_pre_43_inl.h
343 silly gunzTarPerm modified mode [ 'nan_converters_pre_43_inl.h', 436, 438 ]
344 silly gunzTarPerm extractEntry nan_implementation_12_inl.h
345 silly gunzTarPerm modified mode [ 'nan_implementation_12_inl.h', 436, 438 ]
346 silly gunzTarPerm extractEntry nan_implementation_pre_12_inl.h
347 silly gunzTarPerm modified mode [ 'nan_implementation_pre_12_inl.h', 436, 438 ]
348 silly gunzTarPerm extractEntry nan_maybe_43_inl.h
349 silly gunzTarPerm modified mode [ 'nan_maybe_43_inl.h', 436, 438 ]
350 silly gunzTarPerm extractEntry src/html_document.cc
351 silly gunzTarPerm modified mode [ 'src/html_document.cc', 420, 438 ]
352 silly gunzTarPerm extractEntry src/libxmljs.cc
353 silly gunzTarPerm modified mode [ 'src/libxmljs.cc', 420, 438 ]
354 silly gunzTarPerm extractEntry nan_maybe_pre_43_inl.h
355 silly gunzTarPerm modified mode [ 'nan_maybe_pre_43_inl.h', 436, 438 ]
356 silly gunzTarPerm extractEntry nan_new.h
357 silly gunzTarPerm modified mode [ 'nan_new.h', 436, 438 ]
358 silly gunzTarPerm extractEntry src/libxmljs.h
359 silly gunzTarPerm modified mode [ 'src/libxmljs.h', 420, 438 ]
360 silly gunzTarPerm extractEntry src/xml_attribute.cc
361 silly gunzTarPerm modified mode [ 'src/xml_attribute.cc', 420, 438 ]
362 silly gunzTarPerm extractEntry src/xml_attribute.h
363 silly gunzTarPerm modified mode [ 'src/xml_attribute.h', 420, 438 ]
364 silly gunzTarPerm extractEntry src/xml_comment.cc
365 silly gunzTarPerm modified mode [ 'src/xml_comment.cc', 420, 438 ]
366 silly gunzTarPerm extractEntry nan_object_wrap.h
367 silly gunzTarPerm modified mode [ 'nan_object_wrap.h', 436, 438 ]
368 silly gunzTarPerm extractEntry nan_persistent_12_inl.h
369 silly gunzTarPerm modified mode [ 'nan_persistent_12_inl.h', 436, 438 ]
370 silly gunzTarPerm extractEntry src/xml_comment.h
371 silly gunzTarPerm modified mode [ 'src/xml_comment.h', 420, 438 ]
372 silly gunzTarPerm extractEntry src/xml_document.cc
373 silly gunzTarPerm modified mode [ 'src/xml_document.cc', 420, 438 ]
374 silly gunzTarPerm extractEntry nan_persistent_pre_12_inl.h
375 silly gunzTarPerm modified mode [ 'nan_persistent_pre_12_inl.h', 436, 438 ]
376 silly gunzTarPerm extractEntry nan_string_bytes.h
377 silly gunzTarPerm modified mode [ 'nan_string_bytes.h', 436, 438 ]
378 silly gunzTarPerm extractEntry src/xml_document.h
379 silly gunzTarPerm modified mode [ 'src/xml_document.h', 420, 438 ]
380 silly gunzTarPerm extractEntry src/xml_element.cc
381 silly gunzTarPerm modified mode [ 'src/xml_element.cc', 420, 438 ]
382 silly gunzTarPerm extractEntry nan_typedarray_contents.h
383 silly gunzTarPerm modified mode [ 'nan_typedarray_contents.h', 436, 438 ]
384 silly gunzTarPerm extractEntry nan_weak.h
385 silly gunzTarPerm modified mode [ 'nan_weak.h', 436, 438 ]
386 silly gunzTarPerm extractEntry src/xml_element.h
387 silly gunzTarPerm modified mode [ 'src/xml_element.h', 420, 438 ]
388 silly gunzTarPerm extractEntry src/html_document.h
389 silly gunzTarPerm modified mode [ 'src/html_document.h', 420, 438 ]
390 silly gunzTarPerm extractEntry CHANGELOG.md
391 silly gunzTarPerm modified mode [ 'CHANGELOG.md', 436, 438 ]
392 silly gunzTarPerm extractEntry tools/package.json
393 silly gunzTarPerm modified mode [ 'tools/package.json', 436, 438 ]
394 silly gunzTarPerm extractEntry tools/README.md
395 silly gunzTarPerm modified mode [ 'tools/README.md', 436, 438 ]
396 silly gunzTarPerm extractEntry tools/1to2.js
397 silly gunzTarPerm modified mode [ 'tools/1to2.js', 509, 511 ]
398 silly gunzTarPerm extractEntry src/xml_namespace.h
399 silly gunzTarPerm modified mode [ 'src/xml_namespace.h', 420, 438 ]
400 silly gunzTarPerm extractEntry src/xml_node.cc
401 silly gunzTarPerm modified mode [ 'src/xml_node.cc', 420, 438 ]
402 silly gunzTarPerm extractEntry src/xml_node.h
403 silly gunzTarPerm modified mode [ 'src/xml_node.h', 420, 438 ]
404 silly gunzTarPerm extractEntry src/xml_sax_parser.cc
405 silly gunzTarPerm modified mode [ 'src/xml_sax_parser.cc', 420, 438 ]
406 silly gunzTarPerm extractEntry src/xml_sax_parser.h
407 silly gunzTarPerm modified mode [ 'src/xml_sax_parser.h', 420, 438 ]
408 silly gunzTarPerm extractEntry src/xml_syntax_error.cc
409 silly gunzTarPerm modified mode [ 'src/xml_syntax_error.cc', 420, 438 ]
410 silly gunzTarPerm extractEntry src/xml_syntax_error.h
411 silly gunzTarPerm modified mode [ 'src/xml_syntax_error.h', 420, 438 ]
412 silly gunzTarPerm extractEntry src/xml_text.cc
413 silly gunzTarPerm modified mode [ 'src/xml_text.cc', 420, 438 ]
414 silly gunzTarPerm extractEntry src/xml_text.h
415 silly gunzTarPerm modified mode [ 'src/xml_text.h', 420, 438 ]
416 silly gunzTarPerm extractEntry src/xml_xpath_context.cc
417 silly gunzTarPerm modified mode [ 'src/xml_xpath_context.cc', 420, 438 ]
418 silly gunzTarPerm extractEntry src/xml_xpath_context.h
419 silly gunzTarPerm modified mode [ 'src/xml_xpath_context.h', 420, 438 ]
420 silly gunzTarPerm extractEntry vendor/libxml/schematron.c
421 silly gunzTarPerm modified mode [ 'vendor/libxml/schematron.c', 420, 438 ]
422 silly gunzTarPerm extractEntry vendor/libxml/DOCBparser.c
423 silly gunzTarPerm modified mode [ 'vendor/libxml/DOCBparser.c', 420, 438 ]
424 silly gunzTarPerm extractEntry vendor/libxml/HTMLtree.c
425 silly gunzTarPerm modified mode [ 'vendor/libxml/HTMLtree.c', 420, 438 ]
426 silly gunzTarPerm extractEntry vendor/libxml/SAX.c
427 silly gunzTarPerm modified mode [ 'vendor/libxml/SAX.c', 420, 438 ]
428 silly gunzTarPerm extractEntry vendor/libxml/SAX2.c
429 silly gunzTarPerm modified mode [ 'vendor/libxml/SAX2.c', 420, 438 ]
430 silly gunzTarPerm extractEntry vendor/libxml/buf.c
431 silly gunzTarPerm modified mode [ 'vendor/libxml/buf.c', 420, 438 ]
432 silly gunzTarPerm extractEntry vendor/libxml/buf.h
433 silly gunzTarPerm modified mode [ 'vendor/libxml/buf.h', 420, 438 ]
434 silly gunzTarPerm extractEntry vendor/libxml/c14n.c
435 silly gunzTarPerm modified mode [ 'vendor/libxml/c14n.c', 420, 438 ]
436 silly gunzTarPerm extractEntry vendor/libxml/catalog.c
437 silly gunzTarPerm modified mode [ 'vendor/libxml/catalog.c', 420, 438 ]
438 silly gunzTarPerm extractEntry vendor/libxml/chvalid.c
439 silly gunzTarPerm modified mode [ 'vendor/libxml/chvalid.c', 420, 438 ]
440 silly gunzTarPerm extractEntry vendor/libxml/config.h
441 silly gunzTarPerm modified mode [ 'vendor/libxml/config.h', 420, 438 ]
442 silly gunzTarPerm extractEntry vendor/libxml/debugXML.c
443 silly gunzTarPerm modified mode [ 'vendor/libxml/debugXML.c', 420, 438 ]
444 silly gunzTarPerm extractEntry vendor/libxml/dict.c
445 silly gunzTarPerm modified mode [ 'vendor/libxml/dict.c', 420, 438 ]
446 silly gunzTarPerm extractEntry vendor/libxml/elfgcchack.h
447 silly gunzTarPerm modified mode [ 'vendor/libxml/elfgcchack.h', 420, 438 ]
448 silly gunzTarPerm extractEntry vendor/libxml/enc.h
449 silly gunzTarPerm modified mode [ 'vendor/libxml/enc.h', 420, 438 ]
450 silly gunzTarPerm extractEntry vendor/libxml/encoding.c
451 silly gunzTarPerm modified mode [ 'vendor/libxml/encoding.c', 420, 438 ]
452 silly gunzTarPerm extractEntry vendor/libxml/entities.c
453 silly gunzTarPerm modified mode [ 'vendor/libxml/entities.c', 420, 438 ]
454 silly gunzTarPerm extractEntry vendor/libxml/error.c
455 silly gunzTarPerm modified mode [ 'vendor/libxml/error.c', 420, 438 ]
456 silly gunzTarPerm extractEntry vendor/libxml/globals.c
457 silly gunzTarPerm modified mode [ 'vendor/libxml/globals.c', 420, 438 ]
458 silly gunzTarPerm extractEntry vendor/libxml/hash.c
459 silly gunzTarPerm modified mode [ 'vendor/libxml/hash.c', 420, 438 ]
460 silly gunzTarPerm extractEntry vendor/libxml/include/libxml/schematron.h
461 silly gunzTarPerm modified mode [ 'vendor/libxml/include/libxml/schematron.h', 420, 438 ]
462 silly gunzTarPerm extractEntry vendor/libxml/include/libxml/DOCBparser.h
463 silly gunzTarPerm modified mode [ 'vendor/libxml/include/libxml/DOCBparser.h', 420, 438 ]
464 silly gunzTarPerm extractEntry vendor/libxml/include/libxml/HTMLtree.h
465 silly gunzTarPerm modified mode [ 'vendor/libxml/include/libxml/HTMLtree.h', 420, 438 ]
466 silly gunzTarPerm extractEntry vendor/libxml/include/libxml/Makefile
467 silly gunzTarPerm modified mode [ 'vendor/libxml/include/libxml/Makefile', 420, 438 ]
468 silly gunzTarPerm extractEntry vendor/libxml/include/libxml/Makefile.am
469 silly gunzTarPerm modified mode [ 'vendor/libxml/include/libxml/Makefile.am', 420, 438 ]
470 silly gunzTarPerm extractEntry vendor/libxml/include/libxml/Makefile.in
471 silly gunzTarPerm modified mode [ 'vendor/libxml/include/libxml/Makefile.in', 420, 438 ]
472 silly gunzTarPerm extractEntry vendor/libxml/include/libxml/SAX.h
473 silly gunzTarPerm modified mode [ 'vendor/libxml/include/libxml/SAX.h', 420, 438 ]
474 silly gunzTarPerm extractEntry vendor/libxml/include/libxml/SAX2.h
475 silly gunzTarPerm modified mode [ 'vendor/libxml/include/libxml/SAX2.h', 420, 438 ]
476 silly gunzTarPerm extractEntry vendor/libxml/include/libxml/c14n.h
477 silly gunzTarPerm modified mode [ 'vendor/libxml/include/libxml/c14n.h', 420, 438 ]
478 silly gunzTarPerm extractEntry vendor/libxml/include/libxml/catalog.h
479 silly gunzTarPerm modified mode [ 'vendor/libxml/include/libxml/catalog.h', 420, 438 ]
480 silly gunzTarPerm extractEntry vendor/libxml/include/libxml/chvalid.h
481 silly gunzTarPerm modified mode [ 'vendor/libxml/include/libxml/chvalid.h', 420, 438 ]
482 silly gunzTarPerm extractEntry vendor/libxml/include/libxml/debugXML.h
483 silly gunzTarPerm modified mode [ 'vendor/libxml/include/libxml/debugXML.h', 420, 438 ]
484 silly gunzTarPerm extractEntry vendor/libxml/include/libxml/dict.h
485 silly gunzTarPerm modified mode [ 'vendor/libxml/include/libxml/dict.h', 420, 438 ]
486 silly gunzTarPerm extractEntry vendor/libxml/include/libxml/encoding.h
487 silly gunzTarPerm modified mode [ 'vendor/libxml/include/libxml/encoding.h', 420, 438 ]
488 silly gunzTarPerm extractEntry vendor/libxml/include/libxml/entities.h
489 silly gunzTarPerm modified mode [ 'vendor/libxml/include/libxml/entities.h', 420, 438 ]
490 silly gunzTarPerm extractEntry vendor/libxml/include/libxml/globals.h
491 silly gunzTarPerm modified mode [ 'vendor/libxml/include/libxml/globals.h', 420, 438 ]
492 silly gunzTarPerm extractEntry vendor/libxml/include/libxml/hash.h
493 silly gunzTarPerm modified mode [ 'vendor/libxml/include/libxml/hash.h', 420, 438 ]
494 silly gunzTarPerm extractEntry vendor/libxml/include/libxml/list.h
495 silly gunzTarPerm modified mode [ 'vendor/libxml/include/libxml/list.h', 420, 438 ]
496 silly gunzTarPerm extractEntry vendor/libxml/include/libxml/nanoftp.h
497 silly gunzTarPerm modified mode [ 'vendor/libxml/include/libxml/nanoftp.h', 420, 438 ]
498 silly gunzTarPerm extractEntry vendor/libxml/include/libxml/nanohttp.h
499 silly gunzTarPerm modified mode [ 'vendor/libxml/include/libxml/nanohttp.h', 420, 438 ]
500 silly gunzTarPerm extractEntry vendor/libxml/include/libxml/parser.h
501 silly gunzTarPerm modified mode [ 'vendor/libxml/include/libxml/parser.h', 420, 438 ]
502 silly gunzTarPerm extractEntry vendor/libxml/include/libxml/parserInternals.h
503 silly gunzTarPerm modified mode [ 'vendor/libxml/include/libxml/parserInternals.h', 420, 438 ]
504 silly gunzTarPerm extractEntry vendor/libxml/include/libxml/pattern.h
505 silly gunzTarPerm modified mode [ 'vendor/libxml/include/libxml/pattern.h', 420, 438 ]
506 silly gunzTarPerm extractEntry vendor/libxml/include/libxml/relaxng.h
507 silly gunzTarPerm modified mode [ 'vendor/libxml/include/libxml/relaxng.h', 420, 438 ]
508 silly gunzTarPerm extractEntry vendor/libxml/include/libxml/schemasInternals.h
509 silly gunzTarPerm modified mode [ 'vendor/libxml/include/libxml/schemasInternals.h', 420, 438 ]
510 silly gunzTarPerm extractEntry vendor/libxml/include/libxml/HTMLparser.h
511 silly gunzTarPerm modified mode [ 'vendor/libxml/include/libxml/HTMLparser.h', 420, 438 ]
512 silly gunzTarPerm extractEntry vendor/libxml/include/libxml/threads.h
513 silly gunzTarPerm modified mode [ 'vendor/libxml/include/libxml/threads.h', 420, 438 ]
514 silly gunzTarPerm extractEntry vendor/libxml/include/libxml/tree.h
515 silly gunzTarPerm modified mode [ 'vendor/libxml/include/libxml/tree.h', 420, 438 ]
516 silly gunzTarPerm extractEntry vendor/libxml/include/libxml/uri.h
517 silly gunzTarPerm modified mode [ 'vendor/libxml/include/libxml/uri.h', 420, 438 ]
518 silly gunzTarPerm extractEntry vendor/libxml/include/libxml/valid.h
519 silly gunzTarPerm modified mode [ 'vendor/libxml/include/libxml/valid.h', 420, 438 ]
520 silly gunzTarPerm extractEntry vendor/libxml/include/libxml/xinclude.h
521 silly gunzTarPerm modified mode [ 'vendor/libxml/include/libxml/xinclude.h', 420, 438 ]
522 silly gunzTarPerm extractEntry vendor/libxml/include/libxml/xlink.h
523 silly gunzTarPerm modified mode [ 'vendor/libxml/include/libxml/xlink.h', 420, 438 ]
524 silly gunzTarPerm extractEntry vendor/libxml/include/libxml/xmlIO.h
525 silly gunzTarPerm modified mode [ 'vendor/libxml/include/libxml/xmlIO.h', 420, 438 ]
526 silly gunzTarPerm extractEntry vendor/libxml/include/libxml/xmlautomata.h
527 silly gunzTarPerm modified mode [ 'vendor/libxml/include/libxml/xmlautomata.h', 420, 438 ]
528 silly gunzTarPerm extractEntry vendor/libxml/include/libxml/xmlerror.h
529 silly gunzTarPerm modified mode [ 'vendor/libxml/include/libxml/xmlerror.h', 420, 438 ]
530 silly gunzTarPerm extractEntry vendor/libxml/include/libxml/xmlexports.h
531 silly gunzTarPerm modified mode [ 'vendor/libxml/include/libxml/xmlexports.h', 420, 438 ]
532 silly gunzTarPerm extractEntry vendor/libxml/include/libxml/xmlmemory.h
533 silly gunzTarPerm modified mode [ 'vendor/libxml/include/libxml/xmlmemory.h', 420, 438 ]
534 silly gunzTarPerm extractEntry vendor/libxml/include/libxml/xmlmodule.h
535 silly gunzTarPerm modified mode [ 'vendor/libxml/include/libxml/xmlmodule.h', 420, 438 ]
536 silly gunzTarPerm extractEntry vendor/libxml/include/libxml/xmlreader.h
537 silly gunzTarPerm modified mode [ 'vendor/libxml/include/libxml/xmlreader.h', 420, 438 ]
538 silly gunzTarPerm extractEntry vendor/libxml/include/libxml/xmlregexp.h
539 silly gunzTarPerm modified mode [ 'vendor/libxml/include/libxml/xmlregexp.h', 420, 438 ]
540 silly gunzTarPerm extractEntry vendor/libxml/include/libxml/xmlsave.h
541 silly gunzTarPerm modified mode [ 'vendor/libxml/include/libxml/xmlsave.h', 420, 438 ]
542 silly gunzTarPerm extractEntry vendor/libxml/include/libxml/xmlschemas.h
543 silly gunzTarPerm modified mode [ 'vendor/libxml/include/libxml/xmlschemas.h', 420, 438 ]
544 silly gunzTarPerm extractEntry vendor/libxml/include/libxml/xmlschemastypes.h
545 silly gunzTarPerm modified mode [ 'vendor/libxml/include/libxml/xmlschemastypes.h', 420, 438 ]
546 silly gentlyRm C:\Users\jLeeroy\AppData\Roaming\npm\node_modules\.staging\nan-79320ba5\node_modules is being purged
547 verbose gentlyRm don't care about contents; nuking C:\Users\jLeeroy\AppData\Roaming\npm\node_modules\.staging\nan-79320ba5\node_modules
548 silly gunzTarPerm extractEntry vendor/libxml/include/libxml/xmlstring.h
549 silly gunzTarPerm modified mode [ 'vendor/libxml/include/libxml/xmlstring.h', 420, 438 ]
550 silly gunzTarPerm extractEntry vendor/libxml/include/libxml/xmlunicode.h
551 silly gunzTarPerm modified mode [ 'vendor/libxml/include/libxml/xmlunicode.h', 420, 438 ]
552 silly gunzTarPerm extractEntry vendor/libxml/include/libxml/xmlversion.h
553 silly gunzTarPerm modified mode [ 'vendor/libxml/include/libxml/xmlversion.h', 420, 438 ]
554 silly gunzTarPerm extractEntry vendor/libxml/include/libxml/xmlwriter.h
555 silly gunzTarPerm modified mode [ 'vendor/libxml/include/libxml/xmlwriter.h', 420, 438 ]
556 silly gunzTarPerm extractEntry vendor/libxml/include/libxml/xpath.h
557 silly gunzTarPerm modified mode [ 'vendor/libxml/include/libxml/xpath.h', 420, 438 ]
558 silly gunzTarPerm extractEntry vendor/libxml/include/libxml/xpathInternals.h
559 silly gunzTarPerm modified mode [ 'vendor/libxml/include/libxml/xpathInternals.h', 420, 438 ]
560 silly gunzTarPerm extractEntry vendor/libxml/include/libxml/xpointer.h
561 silly gunzTarPerm modified mode [ 'vendor/libxml/include/libxml/xpointer.h', 420, 438 ]
562 silly gunzTarPerm extractEntry vendor/libxml/include/win32config.h
563 silly gunzTarPerm modified mode [ 'vendor/libxml/include/win32config.h', 420, 438 ]
564 silly gunzTarPerm extractEntry vendor/libxml/include/wsockcompat.h
565 silly gunzTarPerm modified mode [ 'vendor/libxml/include/wsockcompat.h', 420, 438 ]
566 silly gunzTarPerm extractEntry vendor/libxml/legacy.c
567 silly gunzTarPerm modified mode [ 'vendor/libxml/legacy.c', 420, 438 ]
568 silly gunzTarPerm extractEntry vendor/libxml/libxml.gyp
569 silly gunzTarPerm modified mode [ 'vendor/libxml/libxml.gyp', 420, 438 ]
570 silly gunzTarPerm extractEntry vendor/libxml/libxml.h
571 silly gunzTarPerm modified mode [ 'vendor/libxml/libxml.h', 420, 438 ]
572 silly gunzTarPerm extractEntry vendor/libxml/list.c
573 silly gunzTarPerm modified mode [ 'vendor/libxml/list.c', 420, 438 ]
574 silly gunzTarPerm extractEntry vendor/libxml/nanoftp.c
575 silly gunzTarPerm modified mode [ 'vendor/libxml/nanoftp.c', 420, 438 ]
576 silly gunzTarPerm extractEntry vendor/libxml/nanohttp.c
577 silly gunzTarPerm modified mode [ 'vendor/libxml/nanohttp.c', 420, 438 ]
578 silly gunzTarPerm extractEntry vendor/libxml/parser.c
579 silly gunzTarPerm modified mode [ 'vendor/libxml/parser.c', 420, 438 ]
580 silly gunzTarPerm extractEntry vendor/libxml/parserInternals.c
581 silly gunzTarPerm modified mode [ 'vendor/libxml/parserInternals.c', 420, 438 ]
582 silly gunzTarPerm extractEntry vendor/libxml/pattern.c
583 silly gunzTarPerm modified mode [ 'vendor/libxml/pattern.c', 420, 438 ]
584 silly gunzTarPerm extractEntry vendor/libxml/relaxng.c
585 silly gunzTarPerm modified mode [ 'vendor/libxml/relaxng.c', 420, 438 ]
586 silly gunzTarPerm extractEntry vendor/libxml/runsuite.c
587 silly gunzTarPerm modified mode [ 'vendor/libxml/runsuite.c', 420, 438 ]
588 silly gunzTarPerm extractEntry vendor/libxml/save.h
589 silly gunzTarPerm modified mode [ 'vendor/libxml/save.h', 420, 438 ]
590 silly gunzTarPerm extractEntry vendor/libxml/HTMLparser.c
591 silly gunzTarPerm modified mode [ 'vendor/libxml/HTMLparser.c', 420, 438 ]
592 silly gunzTarPerm extractEntry vendor/libxml/threads.c
593 silly gunzTarPerm modified mode [ 'vendor/libxml/threads.c', 420, 438 ]
594 silly gunzTarPerm extractEntry vendor/libxml/timsort.h
595 silly gunzTarPerm modified mode [ 'vendor/libxml/timsort.h', 420, 438 ]
596 silly gunzTarPerm extractEntry vendor/libxml/tree.c
597 silly gunzTarPerm modified mode [ 'vendor/libxml/tree.c', 420, 438 ]
598 silly gunzTarPerm extractEntry vendor/libxml/trio.c
599 silly gunzTarPerm modified mode [ 'vendor/libxml/trio.c', 420, 438 ]
600 silly gunzTarPerm extractEntry vendor/libxml/trio.h
601 silly gunzTarPerm modified mode [ 'vendor/libxml/trio.h', 420, 438 ]
602 silly gunzTarPerm extractEntry vendor/libxml/triodef.h
603 silly gunzTarPerm modified mode [ 'vendor/libxml/triodef.h', 420, 438 ]
604 silly gunzTarPerm extractEntry vendor/libxml/trionan.c
605 silly gunzTarPerm modified mode [ 'vendor/libxml/trionan.c', 420, 438 ]
606 silly gunzTarPerm extractEntry vendor/libxml/trionan.h
607 silly gunzTarPerm modified mode [ 'vendor/libxml/trionan.h', 420, 438 ]
608 silly gunzTarPerm extractEntry vendor/libxml/triop.h
609 silly gunzTarPerm modified mode [ 'vendor/libxml/triop.h', 420, 438 ]
610 silly gunzTarPerm extractEntry vendor/libxml/triostr.c
611 silly gunzTarPerm modified mode [ 'vendor/libxml/triostr.c', 420, 438 ]
612 silly gunzTarPerm extractEntry vendor/libxml/triostr.h
613 silly gunzTarPerm modified mode [ 'vendor/libxml/triostr.h', 420, 438 ]
614 silly gunzTarPerm extractEntry vendor/libxml/uri.c
615 silly gunzTarPerm modified mode [ 'vendor/libxml/uri.c', 420, 438 ]
616 silly gunzTarPerm extractEntry vendor/libxml/valid.c
617 silly gunzTarPerm modified mode [ 'vendor/libxml/valid.c', 420, 438 ]
618 silly gunzTarPerm extractEntry vendor/libxml/xinclude.c
619 silly gunzTarPerm modified mode [ 'vendor/libxml/xinclude.c', 420, 438 ]
620 silly gunzTarPerm extractEntry vendor/libxml/xlink.c
621 silly gunzTarPerm modified mode [ 'vendor/libxml/xlink.c', 420, 438 ]
622 silly gunzTarPerm extractEntry vendor/libxml/xmlIO.c
623 silly gunzTarPerm modified mode [ 'vendor/libxml/xmlIO.c', 420, 438 ]
624 silly gunzTarPerm extractEntry vendor/libxml/xmlcatalog.c
625 silly gunzTarPerm modified mode [ 'vendor/libxml/xmlcatalog.c', 420, 438 ]
626 silly gunzTarPerm extractEntry vendor/libxml/xmllint.c
627 silly gunzTarPerm modified mode [ 'vendor/libxml/xmllint.c', 420, 438 ]
628 silly gunzTarPerm extractEntry vendor/libxml/xmlmemory.c
629 silly gunzTarPerm modified mode [ 'vendor/libxml/xmlmemory.c', 420, 438 ]
630 silly gunzTarPerm extractEntry vendor/libxml/xmlmodule.c
631 silly gunzTarPerm modified mode [ 'vendor/libxml/xmlmodule.c', 420, 438 ]
632 silly gunzTarPerm extractEntry vendor/libxml/xmlreader.c
633 silly gunzTarPerm modified mode [ 'vendor/libxml/xmlreader.c', 420, 438 ]
634 silly gunzTarPerm extractEntry vendor/libxml/xmlregexp.c
635 silly gunzTarPerm modified mode [ 'vendor/libxml/xmlregexp.c', 420, 438 ]
636 silly gunzTarPerm extractEntry vendor/libxml/xmlsave.c
637 silly gunzTarPerm modified mode [ 'vendor/libxml/xmlsave.c', 420, 438 ]
638 silly gunzTarPerm extractEntry vendor/libxml/xmlschemas.c
639 silly gunzTarPerm modified mode [ 'vendor/libxml/xmlschemas.c', 420, 438 ]
640 silly gunzTarPerm extractEntry vendor/libxml/xmlschemastypes.c
641 silly gunzTarPerm modified mode [ 'vendor/libxml/xmlschemastypes.c', 420, 438 ]
642 silly gunzTarPerm extractEntry vendor/libxml/xmlstring.c
643 silly gunzTarPerm modified mode [ 'vendor/libxml/xmlstring.c', 420, 438 ]
644 silly gunzTarPerm extractEntry vendor/libxml/xmlunicode.c
645 silly gunzTarPerm modified mode [ 'vendor/libxml/xmlunicode.c', 420, 438 ]
646 silly gunzTarPerm extractEntry vendor/libxml/xmlwriter.c
647 silly gunzTarPerm modified mode [ 'vendor/libxml/xmlwriter.c', 420, 438 ]
648 silly gunzTarPerm extractEntry vendor/libxml/xpath.c
649 silly gunzTarPerm modified mode [ 'vendor/libxml/xpath.c', 420, 438 ]
650 silly gunzTarPerm extractEntry vendor/libxml/xpointer.c
651 silly gunzTarPerm modified mode [ 'vendor/libxml/xpointer.c', 420, 438 ]
652 silly gunzTarPerm extractEntry vendor/libxml/xzlib.c
653 silly gunzTarPerm modified mode [ 'vendor/libxml/xzlib.c', 420, 438 ]
654 silly gunzTarPerm extractEntry vendor/libxml/xzlib.h
655 silly gunzTarPerm modified mode [ 'vendor/libxml/xzlib.h', 420, 438 ]
656 silly gentlyRm C:\Users\jLeeroy\AppData\Roaming\npm\node_modules\.staging\libxmljs-4da77562\node_modules is being purged
657 verbose gentlyRm don't care about contents; nuking C:\Users\jLeeroy\AppData\Roaming\npm\node_modules\.staging\libxmljs-4da77562\node_modules
658 silly doParallel preinstall 3
659 silly preinstall bindings@1.2.1 C:\Users\jLeeroy\AppData\Roaming\npm\node_modules\.staging\bindings-1ed82144
660 info lifecycle bindings@1.2.1~preinstall: bindings@1.2.1
661 silly preinstall nan@2.3.2 C:\Users\jLeeroy\AppData\Roaming\npm\node_modules\.staging\nan-79320ba5
662 info lifecycle nan@2.3.2~preinstall: nan@2.3.2
663 silly preinstall libxmljs@0.18.0 C:\Users\jLeeroy\AppData\Roaming\npm\node_modules\.staging\libxmljs-4da77562
664 info lifecycle libxmljs@0.18.0~preinstall: libxmljs@0.18.0
665 silly lifecycle bindings@1.2.1~preinstall: no script for preinstall, continuing
666 silly lifecycle nan@2.3.2~preinstall: no script for preinstall, continuing
667 silly lifecycle libxmljs@0.18.0~preinstall: no script for preinstall, continuing
668 silly doReverseSerial remove 0
669 silly doSerial move 0
670 silly doSerial finalize 3
671 silly finalize C:\Users\jLeeroy\AppData\Roaming\npm\node_modules\libxmljs\node_modules\bindings
672 silly finalize C:\Users\jLeeroy\AppData\Roaming\npm\node_modules\libxmljs\node_modules\nan
673 silly finalize C:\Users\jLeeroy\AppData\Roaming\npm\node_modules\libxmljs
674 silly doSerial build 3
675 silly build bindings@1.2.1
676 info linkStuff bindings@1.2.1
677 silly linkStuff bindings@1.2.1 has C:\Users\jLeeroy\AppData\Roaming\npm\node_modules\libxmljs\node_modules as its parent node_modules
678 silly linkStuff bindings@1.2.1 is part of a global install
679 silly linkStuff bindings@1.2.1 is installed into a global node_modules
680 verbose linkBins bindings@1.2.1
681 verbose linkMans bindings@1.2.1
682 silly build nan@2.3.2
683 info linkStuff nan@2.3.2
684 silly linkStuff nan@2.3.2 has C:\Users\jLeeroy\AppData\Roaming\npm\node_modules\libxmljs\node_modules as its parent node_modules
685 silly linkStuff nan@2.3.2 is part of a global install
686 silly linkStuff nan@2.3.2 is installed into a global node_modules
687 verbose linkBins nan@2.3.2
688 verbose linkMans nan@2.3.2
689 silly build libxmljs@0.18.0
690 info linkStuff libxmljs@0.18.0
691 silly linkStuff libxmljs@0.18.0 has C:\Users\jLeeroy\AppData\Roaming\npm\node_modules as its parent node_modules
692 silly linkStuff libxmljs@0.18.0 is part of a global install
693 silly linkStuff libxmljs@0.18.0 is installed into a global node_modules
694 silly linkStuff libxmljs@0.18.0 is installed into the top-level global node_modules
695 verbose linkBins libxmljs@0.18.0
696 verbose linkMans libxmljs@0.18.0
697 silly doSerial global-link 0
698 silly doParallel update-linked 0
699 silly doSerial install 3
700 silly install bindings@1.2.1 C:\Users\jLeeroy\AppData\Roaming\npm\node_modules\.staging\bindings-1ed82144
701 info lifecycle bindings@1.2.1~install: bindings@1.2.1
702 silly lifecycle bindings@1.2.1~install: no script for install, continuing
703 silly install nan@2.3.2 C:\Users\jLeeroy\AppData\Roaming\npm\node_modules\.staging\nan-79320ba5
704 info lifecycle nan@2.3.2~install: nan@2.3.2
705 silly lifecycle nan@2.3.2~install: no script for install, continuing
706 silly install libxmljs@0.18.0 C:\Users\jLeeroy\AppData\Roaming\npm\node_modules\.staging\libxmljs-4da77562
707 info lifecycle libxmljs@0.18.0~install: libxmljs@0.18.0
708 verbose lifecycle libxmljs@0.18.0~install: unsafe-perm in lifecycle true
709 verbose lifecycle libxmljs@0.18.0~install: PATH: C:\Users\jLeeroy\AppData\Roaming\npm\node_modules\npm\bin\node-gyp-bin;C:\Users\jLeeroy\AppData\Roaming\npm\node_modules\libxmljs\node_modules\.bin;C:\Users\jLeeroy\AppData\Roaming\npm\node_modules\.bin;C:\Program Files\nodejs;C:\ProgramData\Oracle\Java\javapath;C:\WINDOWS\system32;C:\WINDOWS;C:\WINDOWS\System32\Wbem;C:\WINDOWS\System32\WindowsPowerShell\v1.0\;C:\Program Files\nodejs\;C:\Users\jLeeroy\AppData\Roaming\npm;C:\Python27;C:\Python27\Scripts
710 verbose lifecycle libxmljs@0.18.0~install: CWD: C:\Users\jLeeroy\AppData\Roaming\npm\node_modules\libxmljs
711 silly lifecycle libxmljs@0.18.0~install: Args: [ '/d /s /c', 'node-gyp rebuild' ]
712 silly lifecycle libxmljs@0.18.0~install: Returned: code: 1  signal: null
713 info lifecycle libxmljs@0.18.0~install: Failed to exec install script
714 verbose unlock done using C:\Users\jLeeroy\AppData\Roaming\npm-cache\_locks\staging-83fe24f4552dfe16.lock for C:\Users\jLeeroy\AppData\Roaming\npm\node_modules\.staging
715 silly rollbackFailedOptional Starting
716 silly rollbackFailedOptional Finishing
717 silly runTopLevelLifecycles Starting
718 silly runTopLevelLifecycles Finishing
719 silly install printInstalled
720 verbose stack Error: libxmljs@0.18.0 install: `node-gyp rebuild`
720 verbose stack Exit status 1
720 verbose stack     at EventEmitter.<anonymous> (C:\Users\jLeeroy\AppData\Roaming\npm\node_modules\npm\lib\utils\lifecycle.js:245:16)
720 verbose stack     at emitTwo (events.js:87:13)
720 verbose stack     at EventEmitter.emit (events.js:172:7)
720 verbose stack     at ChildProcess.<anonymous> (C:\Users\jLeeroy\AppData\Roaming\npm\node_modules\npm\lib\utils\spawn.js:24:14)
720 verbose stack     at emitTwo (events.js:87:13)
720 verbose stack     at ChildProcess.emit (events.js:172:7)
720 verbose stack     at maybeClose (internal/child_process.js:827:16)
720 verbose stack     at Process.ChildProcess._handle.onexit (internal/child_process.js:211:5)
721 verbose pkgid libxmljs@0.18.0
722 verbose cwd C:\Users\jLeeroy\Documents\GitHub\dogebot
723 error Windows_NT 10.0.10240
724 error argv "C:\\Program Files\\nodejs\\node.exe" "C:\\Users\\jLeeroy\\AppData\\Roaming\\npm\\node_modules\\npm\\bin\\npm-cli.js" "install" "-g" "libxmljs"
725 error node v4.4.5
726 error npm  v3.9.6
727 error code ELIFECYCLE
728 error libxmljs@0.18.0 install: `node-gyp rebuild`
728 error Exit status 1
729 error Failed at the libxmljs@0.18.0 install script 'node-gyp rebuild'.
729 error Make sure you have the latest version of node.js and npm installed.
729 error If you do, this is most likely a problem with the libxmljs package,
729 error not with npm itself.
729 error Tell the author that this fails on your system:
729 error     node-gyp rebuild
729 error You can get information on how to open an issue for this project with:
729 error     npm bugs libxmljs
729 error Or if that isn't available, you can get their info via:
729 error     npm owner ls libxmljs
729 error There is likely additional logging output above.
730 verbose exit [ 1, true ]
